[35m[Appium][39m Welcome to Appium v1.22.3
[35m[Appium][39m Non-default server args:
[35m[Appium][39m   port: 57045
[35m[Appium][39m   loglevel: info
[35m[Appium][39m   tmpDir: C:\Users\095058\AppData\Local\Temp\\Katalon\Appium\Temp1657705724511
[35m[Appium][39m   chromedriverPort: 57046
[35m[Appium][39m Deprecated server args:
[35m[Appium][39m   [31m--chromedriver-port[39m => --default-capabilities
[35m[Appium][39m Default capabilities, which will be added to each request unless overridden by desired capabilities:
[35m[Appium][39m   chromedriverPort: 57046
[35m[Appium][39m Appium REST http interface listener started on 0.0.0.0:57045
[35m[HTTP][39m [37m-->[39m [37mGET[39m [37m/wd/hub/status[39m
[35m[HTTP][39m [90m{}[39m
[35m[HTTP][39m [37m<-- GET /wd/hub/status [39m[32m200[39m [90m4 ms - 68[39m
[35m[HTTP][39m [90m[39m
[35m[HTTP][39m [37m-->[39m [37mGET[39m [37m/wd/hub/status[39m
[35m[HTTP][39m [90m{}[39m
[35m[HTTP][39m [37m<-- GET /wd/hub/status [39m[32m200[39m [90m1 ms - 68[39m
[35m[HTTP][39m [90m[39m
[35m[HTTP][39m [37m-->[39m [37mPOST[39m [37m/wd/hub/session[39m
[35m[HTTP][39m [90m{"desiredCapabilities":{"appActivity":".Settings","appPackage":"com.android.settings","newCommandTimeout":1800,"platformVersion":"7.1.2","automationName":"uiautomator2","autoGrantPermissions":true,"platformName":"Android","udid":"emulator-5554","deviceName":"emulator-5554 (SM-G9880 - Android 7.1.2)","platform":"ANDROID","systemPort":8285},"capabilities":{"firstMatch":[{"appium:appActivity":".Settings","appium:appPackage":"com.android.settings","appium:autoGrantPermissions":true,"appium:automationName":"uiautomator2","appium:deviceName":"emulator-5554 (SM-G9880 - Android 7.1.2)","appium:newCommandTimeout":1800,"platform":"ANDROID","platformName":"android","appium:platformVersion":"7.1.2","appium:systemPort":8285,"appium:udid":"emulator-5554"}]}}[39m
[35m[BaseDriver][39m The following capabilities are not standard capabilities and should have an extension prefix:
[35m[BaseDriver][39m   platform
[35m[BaseDriver][39m   chromedriverPort
[35m[Appium][39m Appium v1.22.3 creating new AndroidUiautomator2Driver (v1.70.1) session
[35m[BaseDriver][39m The following capabilities were provided, but are not recognized by Appium:
[35m[BaseDriver][39m   platform
[35m[BaseDriver][39m Session created with session id: 2e97b975-06f7-4760-9e39-0f70d996f970
[35m[UiAutomator2][39m Starting 'com.android.settings' directly on the device
[35m[ADB][39m Found 1 'build-tools' folders under 'C:\Users\095058\.katalon\tools\android_sdk' (newest first):
[35m[ADB][39m     C:/Users/095058/.katalon/tools/android_sdk/build-tools/29.0.3
[35m[ADB][39m Using 'adb.exe' from 'C:\Users\095058\.katalon\tools\android_sdk\platform-tools\adb.exe'
[35m[AndroidDriver][39m Retrieving device list
[35m[AndroidDriver][39m Using device: emulator-5554
[35m[ADB][39m Using 'adb.exe' from 'C:\Users\095058\.katalon\tools\android_sdk\platform-tools\adb.exe'
[35m[AndroidDriver][39m No app sent in, not parsing package/activity
[35m[ADB][39m Using 'apksigner.jar' from 'C:\Users\095058\.katalon\tools\android_sdk\build-tools\29.0.3\lib\apksigner.jar'
[35m[ADB][39m 'C:\Users\095058\AppData\Roaming\npm\node_modules\appium\node_modules\appium-uiautomator2-server\apks\appium-uiautomator2-server-v4.27.0.apk' is signed with the default certificate
[35m[ADB][39m 'C:\Users\095058\AppData\Roaming\npm\node_modules\appium\node_modules\appium-uiautomator2-server\apks\appium-uiautomator2-server-debug-androidTest.apk' is signed with the default certificate
[35m[UiAutomator2][39m Server packages are not going to be (re)installed
[35m[ADB][39m Adding packages ["io.appium.settings","io.appium.uiautomator2.server","io.appium.uiautomator2.server.test"] to Doze whitelist
[35m[UiAutomator2][39m Starting UIAutomator2 server 4.27.0
[35m[UiAutomator2][39m Using UIAutomator2 server from 'C:\Users\095058\AppData\Roaming\npm\node_modules\appium\node_modules\appium-uiautomator2-server\apks\appium-uiautomator2-server-v4.27.0.apk' and test from 'C:\Users\095058\AppData\Roaming\npm\node_modules\appium\node_modules\appium-uiautomator2-server\apks\appium-uiautomator2-server-debug-androidTest.apk'
[35m[UiAutomator2][39m Waiting up to 30000ms for UiAutomator2 to be online...
[35m[WD Proxy][39m socket hang up
[35m[WD Proxy][39m socket hang up
[35m[WD Proxy][39m Determined the downstream protocol as 'W3C'
[35m[AndroidDriver][39m Screen already unlocked, doing nothing
[35m[UiAutomator2][39m Starting 'com.android.settings/.Settings and waiting for 'com.android.settings/.Settings'
[35m[Appium][39m New AndroidUiautomator2Driver session created successfully, session 2e97b975-06f7-4760-9e39-0f70d996f970 added to master session list
[35m[HTTP][39m [37m<-- POST /wd/hub/session [39m[32m200[39m [90m7823 ms - 1179[39m
[35m[HTTP][39m [90m[39m
[35m[HTTP][39m [37m-->[39m [37mGET[39m [37m/wd/hub/session/2e97b975-06f7-4760-9e39-0f70d996f970[39m
[35m[HTTP][39m [90m{}[39m
[35m[HTTP][39m [37m<-- GET /wd/hub/session/2e97b975-06f7-4760-9e39-0f70d996f970 [39m[32m200[39m [90m8 ms - 1133[39m
[35m[HTTP][39m [90m[39m
[35m[HTTP][39m [37m-->[39m [37mGET[39m [37m/wd/hub/session/2e97b975-06f7-4760-9e39-0f70d996f970[39m
[35m[HTTP][39m [90m{}[39m
[35m[HTTP][39m [37m<-- GET /wd/hub/session/2e97b975-06f7-4760-9e39-0f70d996f970 [39m[32m200[39m [90m10 ms - 1133[39m
[35m[HTTP][39m [90m[39m
[35m[HTTP][39m [37m-->[39m [37mGET[39m [37m/wd/hub/status[39m
[35m[HTTP][39m [90m{}[39m
[35m[HTTP][39m [37m<-- GET /wd/hub/status [39m[32m200[39m [90m1 ms - 68[39m
[35m[HTTP][39m [90m[39m
[35m[HTTP][39m [37m-->[39m [37mPOST[39m [37m/wd/hub/session/2e97b975-06f7-4760-9e39-0f70d996f970/timeouts[39m
[35m[HTTP][39m [90m{"implicit":60000}[39m
[35m[HTTP][39m [37m<-- POST /wd/hub/session/2e97b975-06f7-4760-9e39-0f70d996f970/timeouts [39m[32m200[39m [90m2 ms - 14[39m
[35m[HTTP][39m [90m[39m
[35m[HTTP][39m [37m-->[39m [37mGET[39m [37m/wd/hub/session/2e97b975-06f7-4760-9e39-0f70d996f970/screenshot[39m
[35m[HTTP][39m [90m{}[39m
[35m[HTTP][39m [37m<-- GET /wd/hub/session/2e97b975-06f7-4760-9e39-0f70d996f970/screenshot [39m[32m200[39m [90m351 ms - 140790[39m
[35m[HTTP][39m [90m[39m
[35m[HTTP][39m [37m-->[39m [37mGET[39m [37m/wd/hub/session/2e97b975-06f7-4760-9e39-0f70d996f970/window/rect[39m
[35m[HTTP][39m [90m{}[39m
[35m[HTTP][39m [37m<-- GET /wd/hub/session/2e97b975-06f7-4760-9e39-0f70d996f970/window/rect [39m[32m200[39m [90m14 ms - 50[39m
[35m[HTTP][39m [90m[39m
[35m[HTTP][39m [37m-->[39m [37mGET[39m [37m/wd/hub/session/2e97b975-06f7-4760-9e39-0f70d996f970/appium/device/system_bars[39m
[35m[HTTP][39m [90m{}[39m
[35m[HTTP][39m [37m<-- GET /wd/hub/session/2e97b975-06f7-4760-9e39-0f70d996f970/appium/device/system_bars [39m[31m500[39m [90m101 ms - 649[39m
[35m[HTTP][39m [90m[39m
[35m[HTTP][39m [37m-->[39m [37mPOST[39m [37m/wd/hub/session/2e97b975-06f7-4760-9e39-0f70d996f970/execute/sync[39m
[35m[HTTP][39m [90m{"script":"mobile:viewportRect","args":[]}[39m
[35m[AndroidDriver][39m Executing native command 'mobile:viewportRect'
[35m[HTTP][39m [37m<-- POST /wd/hub/session/2e97b975-06f7-4760-9e39-0f70d996f970/execute/sync [39m[32m200[39m [90m9 ms - 56[39m
[35m[HTTP][39m [90m[39m
[35m[HTTP][39m [37m-->[39m [37mPOST[39m [37m/wd/hub/session/2e97b975-06f7-4760-9e39-0f70d996f970/appium/device/activate_app[39m
[35m[HTTP][39m [90m{"bundleId":"com.solodroid.solomerce"}[39m
[35m[HTTP][39m [37m<-- POST /wd/hub/session/2e97b975-06f7-4760-9e39-0f70d996f970/appium/device/activate_app [39m[32m200[39m [90m441 ms - 14[39m
[35m[HTTP][39m [90m[39m
[35m[HTTP][39m [37m-->[39m [37mGET[39m [37m/wd/hub/session/2e97b975-06f7-4760-9e39-0f70d996f970/source[39m
[35m[HTTP][39m [90m{}[39m
[35m[W3C (2e97b975)][39m Driver proxy active, passing request on via HTTP proxy
[35m[WD Proxy][39m Replacing sessionId f85dc54a-74fa-4fe5-a143-5c4abe759640 with 2e97b975-06f7-4760-9e39-0f70d996f970
[35m[HTTP][39m [37m<-- GET /wd/hub/session/2e97b975-06f7-4760-9e39-0f70d996f970/source [39m[32m200[39m [90m1052 ms - 3679[39m
[35m[HTTP][39m [90m[39m
[35m[HTTP][39m [37m-->[39m [37mGET[39m [37m/wd/hub/session/2e97b975-06f7-4760-9e39-0f70d996f970/screenshot[39m
[35m[HTTP][39m [90m{}[39m
[35m[HTTP][39m [37m<-- GET /wd/hub/session/2e97b975-06f7-4760-9e39-0f70d996f970/screenshot [39m[32m200[39m [90m416 ms - 288518[39m
[35m[HTTP][39m [90m[39m
[35m[HTTP][39m [37m-->[39m [37mGET[39m [37m/wd/hub/session/2e97b975-06f7-4760-9e39-0f70d996f970/source[39m
[35m[HTTP][39m [90m{}[39m
[35m[W3C (2e97b975)][39m Driver proxy active, passing request on via HTTP proxy
[35m[WD Proxy][39m Replacing sessionId f85dc54a-74fa-4fe5-a143-5c4abe759640 with 2e97b975-06f7-4760-9e39-0f70d996f970
[35m[HTTP][39m [37m<-- GET /wd/hub/session/2e97b975-06f7-4760-9e39-0f70d996f970/source [39m[32m200[39m [90m68 ms - 30304[39m
[35m[HTTP][39m [90m[39m
[35m[HTTP][39m [37m-->[39m [37mGET[39m [37m/wd/hub/session/2e97b975-06f7-4760-9e39-0f70d996f970/screenshot[39m
[35m[HTTP][39m [90m{}[39m
[35m[HTTP][39m [37m<-- GET /wd/hub/session/2e97b975-06f7-4760-9e39-0f70d996f970/screenshot [39m[32m200[39m [90m652 ms - 1156248[39m
[35m[HTTP][39m [90m[39m
[35m[HTTP][39m [37m-->[39m [37mPOST[39m [37m/wd/hub/session/2e97b975-06f7-4760-9e39-0f70d996f970/elements[39m
[35m[HTTP][39m [90m{"using":"xpath","value":"//*[@class = 'android.widget.ImageButton' and @resource-id = 'com.solodroid.solomerce:id/btn_add_cart' and (@text = '' or . = '')]"}[39m
[35m[HTTP][39m [37m<-- POST /wd/hub/session/2e97b975-06f7-4760-9e39-0f70d996f970/elements [39m[32m200[39m [90m276 ms - 139[39m
[35m[HTTP][39m [90m[39m
[35m[HTTP][39m [37m-->[39m [37mGET[39m [37m/wd/hub/session/2e97b975-06f7-4760-9e39-0f70d996f970/window/rect[39m
[35m[HTTP][39m [90m{}[39m
[35m[HTTP][39m [37m<-- GET /wd/hub/session/2e97b975-06f7-4760-9e39-0f70d996f970/window/rect [39m[32m200[39m [90m15 ms - 50[39m
[35m[HTTP][39m [90m[39m
[35m[HTTP][39m [37m-->[39m [37mPOST[39m [37m/wd/hub/session/2e97b975-06f7-4760-9e39-0f70d996f970/elements[39m
[35m[HTTP][39m [90m{"using":"xpath","value":"//*[@class = 'android.widget.ImageButton' and @resource-id = 'com.solodroid.solomerce:id/btn_add_cart' and (@text = '' or . = '')]"}[39m
[35m[HTTP][39m [37m<-- POST /wd/hub/session/2e97b975-06f7-4760-9e39-0f70d996f970/elements [39m[32m200[39m [90m112 ms - 139[39m
[35m[HTTP][39m [90m[39m
[35m[HTTP][39m [37m-->[39m [37mGET[39m [37m/wd/hub/session/2e97b975-06f7-4760-9e39-0f70d996f970/element/00000000-0000-04a1-7fff-ffff0000000f/location[39m
[35m[HTTP][39m [90m{}[39m
[35m[W3C (2e97b975)][39m Driver proxy active, passing request on via HTTP proxy
[35m[WD Proxy][39m Replacing sessionId f85dc54a-74fa-4fe5-a143-5c4abe759640 with 2e97b975-06f7-4760-9e39-0f70d996f970
[35m[HTTP][39m [37m<-- GET /wd/hub/session/2e97b975-06f7-4760-9e39-0f70d996f970/element/00000000-0000-04a1-7fff-ffff0000000f/location [39m[32m200[39m [90m11 ms - 77[39m
[35m[HTTP][39m [90m[39m
[35m[HTTP][39m [37m-->[39m [37mPOST[39m [37m/wd/hub/session/2e97b975-06f7-4760-9e39-0f70d996f970/element/00000000-0000-04a1-7fff-ffff0000000f/click[39m
[35m[HTTP][39m [90m{"id":"00000000-0000-04a1-7fff-ffff0000000f"}[39m
[35m[HTTP][39m [37m<-- POST /wd/hub/session/2e97b975-06f7-4760-9e39-0f70d996f970/element/00000000-0000-04a1-7fff-ffff0000000f/click [39m[32m200[39m [90m27 ms - 14[39m
[35m[HTTP][39m [90m[39m
[35m[HTTP][39m [37m-->[39m [37mGET[39m [37m/wd/hub/session/2e97b975-06f7-4760-9e39-0f70d996f970/source[39m
[35m[HTTP][39m [90m{}[39m
[35m[W3C (2e97b975)][39m Driver proxy active, passing request on via HTTP proxy
[35m[WD Proxy][39m Replacing sessionId f85dc54a-74fa-4fe5-a143-5c4abe759640 with 2e97b975-06f7-4760-9e39-0f70d996f970
[35m[HTTP][39m [37m<-- GET /wd/hub/session/2e97b975-06f7-4760-9e39-0f70d996f970/source [39m[32m200[39m [90m205 ms - 11607[39m
[35m[HTTP][39m [90m[39m
[35m[HTTP][39m [37m-->[39m [37mGET[39m [37m/wd/hub/session/2e97b975-06f7-4760-9e39-0f70d996f970/screenshot[39m
[35m[HTTP][39m [90m{}[39m
[35m[HTTP][39m [37m<-- GET /wd/hub/session/2e97b975-06f7-4760-9e39-0f70d996f970/screenshot [39m[32m200[39m [90m225 ms - 77898[39m
[35m[HTTP][39m [90m[39m
[35m[HTTP][39m [37m-->[39m [37mPOST[39m [37m/wd/hub/session/2e97b975-06f7-4760-9e39-0f70d996f970/elements[39m
[35m[HTTP][39m [90m{"using":"xpath","value":"//*[@class = 'android.widget.ImageButton' and (@text = '' or . = '')]"}[39m
[35m[HTTP][39m [37m<-- POST /wd/hub/session/2e97b975-06f7-4760-9e39-0f70d996f970/elements [39m[32m200[39m [90m32 ms - 139[39m
[35m[HTTP][39m [90m[39m
[35m[HTTP][39m [37m-->[39m [37mGET[39m [37m/wd/hub/session/2e97b975-06f7-4760-9e39-0f70d996f970/window/rect[39m
[35m[HTTP][39m [90m{}[39m
[35m[HTTP][39m [37m<-- GET /wd/hub/session/2e97b975-06f7-4760-9e39-0f70d996f970/window/rect [39m[32m200[39m [90m7 ms - 50[39m
[35m[HTTP][39m [90m[39m
[35m[HTTP][39m [37m-->[39m [37mPOST[39m [37m/wd/hub/session/2e97b975-06f7-4760-9e39-0f70d996f970/elements[39m
[35m[HTTP][39m [90m{"using":"xpath","value":"//*[@class = 'android.widget.ImageButton' and (@text = '' or . = '')]"}[39m
[35m[HTTP][39m [37m<-- POST /wd/hub/session/2e97b975-06f7-4760-9e39-0f70d996f970/elements [39m[32m200[39m [90m33 ms - 139[39m
[35m[HTTP][39m [90m[39m
[35m[HTTP][39m [37m-->[39m [37mGET[39m [37m/wd/hub/session/2e97b975-06f7-4760-9e39-0f70d996f970/element/00000000-0000-04a2-7fff-ffff00000091/location[39m
[35m[HTTP][39m [90m{}[39m
[35m[W3C (2e97b975)][39m Driver proxy active, passing request on via HTTP proxy
[35m[WD Proxy][39m Replacing sessionId f85dc54a-74fa-4fe5-a143-5c4abe759640 with 2e97b975-06f7-4760-9e39-0f70d996f970
[35m[HTTP][39m [37m<-- GET /wd/hub/session/2e97b975-06f7-4760-9e39-0f70d996f970/element/00000000-0000-04a2-7fff-ffff00000091/location [39m[32m200[39m [90m11 ms - 75[39m
[35m[HTTP][39m [90m[39m
[35m[HTTP][39m [37m-->[39m [37mPOST[39m [37m/wd/hub/session/2e97b975-06f7-4760-9e39-0f70d996f970/element/00000000-0000-04a2-7fff-ffff00000091/click[39m
[35m[HTTP][39m [90m{"id":"00000000-0000-04a2-7fff-ffff00000091"}[39m
[35m[HTTP][39m [37m<-- POST /wd/hub/session/2e97b975-06f7-4760-9e39-0f70d996f970/element/00000000-0000-04a2-7fff-ffff00000091/click [39m[32m200[39m [90m15 ms - 14[39m
[35m[HTTP][39m [90m[39m
[35m[HTTP][39m [37m-->[39m [37mGET[39m [37m/wd/hub/session/2e97b975-06f7-4760-9e39-0f70d996f970/source[39m
[35m[HTTP][39m [90m{}[39m
[35m[W3C (2e97b975)][39m Driver proxy active, passing request on via HTTP proxy
[35m[WD Proxy][39m Replacing sessionId f85dc54a-74fa-4fe5-a143-5c4abe759640 with 2e97b975-06f7-4760-9e39-0f70d996f970
[35m[HTTP][39m [37m<-- GET /wd/hub/session/2e97b975-06f7-4760-9e39-0f70d996f970/source [39m[32m200[39m [90m122 ms - 30304[39m
[35m[HTTP][39m [90m[39m
[35m[HTTP][39m [37m-->[39m [37mGET[39m [37m/wd/hub/session/2e97b975-06f7-4760-9e39-0f70d996f970/screenshot[39m
[35m[HTTP][39m [90m{}[39m
[35m[HTTP][39m [37m<-- GET /wd/hub/session/2e97b975-06f7-4760-9e39-0f70d996f970/screenshot [39m[32m200[39m [90m652 ms - 1156248[39m
[35m[HTTP][39m [90m[39m
[35m[HTTP][39m [37m-->[39m [37mPOST[39m [37m/wd/hub/session/2e97b975-06f7-4760-9e39-0f70d996f970/elements[39m
[35m[HTTP][39m [90m{"using":"xpath","value":"//*[@class = 'android.widget.ImageView' and @resource-id = 'com.solodroid.solomerce:id/category_image' and (@text = '' or . = '')]"}[39m
[35m[HTTP][39m [37m<-- POST /wd/hub/session/2e97b975-06f7-4760-9e39-0f70d996f970/elements [39m[32m200[39m [90m74 ms - 523[39m
[35m[HTTP][39m [90m[39m
[35m[HTTP][39m [37m-->[39m [37mPOST[39m [37m/wd/hub/session/2e97b975-06f7-4760-9e39-0f70d996f970/elements[39m
[35m[HTTP][39m [90m{"using":"id","value":"com.solodroid.solomerce:id/category_image"}[39m
[35m[HTTP][39m [37m<-- POST /wd/hub/session/2e97b975-06f7-4760-9e39-0f70d996f970/elements [39m[32m200[39m [90m22 ms - 523[39m
[35m[HTTP][39m [90m[39m
[35m[HTTP][39m [37m-->[39m [37mPOST[39m [37m/wd/hub/session/2e97b975-06f7-4760-9e39-0f70d996f970/elements[39m
[35m[HTTP][39m [90m{"using":"-android uiautomator","value":"new UiSelector().className(\"android.widget.ImageView\").resourceId(\"com.solodroid.solomerce:id/category_image\")"}[39m
[35m[HTTP][39m [37m<-- POST /wd/hub/session/2e97b975-06f7-4760-9e39-0f70d996f970/elements [39m[32m200[39m [90m46 ms - 523[39m
[35m[HTTP][39m [90m[39m
[35m[HTTP][39m [37m-->[39m [37mGET[39m [37m/wd/hub/session/2e97b975-06f7-4760-9e39-0f70d996f970/window/rect[39m
[35m[HTTP][39m [90m{}[39m
[35m[HTTP][39m [37m<-- GET /wd/hub/session/2e97b975-06f7-4760-9e39-0f70d996f970/window/rect [39m[32m200[39m [90m33 ms - 50[39m
[35m[HTTP][39m [90m[39m
[35m[HTTP][39m [37m-->[39m [37mPOST[39m [37m/wd/hub/session/2e97b975-06f7-4760-9e39-0f70d996f970/elements[39m
[35m[HTTP][39m [90m{"using":"xpath","value":"//hierarchy/android.widget.FrameLayout[1]/android.widget.LinearLayout[1]/android.widget.FrameLayout[1]/android.widget.LinearLayout[1]/android.widget.FrameLayout[1]/android.widget.RelativeLayout[1]/android.view.ViewGroup[1]/android.support.v4.view.ViewPager[1]/android.widget.LinearLayout[1]/android.view.ViewGroup[1]/android.support.v7.widget.RecyclerView[1]/android.widget.FrameLayout[1]/android.widget.RelativeLayout[1]/android.view.ViewGroup[1]/android.widget.ImageView[1]"}[39m
[35m[HTTP][39m [37m<-- POST /wd/hub/session/2e97b975-06f7-4760-9e39-0f70d996f970/elements [39m[32m200[39m [90m47 ms - 139[39m
[35m[HTTP][39m [90m[39m
[35m[HTTP][39m [37m-->[39m [37mGET[39m [37m/wd/hub/session/2e97b975-06f7-4760-9e39-0f70d996f970/element/00000000-0000-04a1-7fff-ffff0000007f/location[39m
[35m[HTTP][39m [90m{}[39m
[35m[W3C (2e97b975)][39m Driver proxy active, passing request on via HTTP proxy
[35m[WD Proxy][39m Replacing sessionId f85dc54a-74fa-4fe5-a143-5c4abe759640 with 2e97b975-06f7-4760-9e39-0f70d996f970
[35m[HTTP][39m [37m<-- GET /wd/hub/session/2e97b975-06f7-4760-9e39-0f70d996f970/element/00000000-0000-04a1-7fff-ffff0000007f/location [39m[32m200[39m [90m10 ms - 77[39m
[35m[HTTP][39m [90m[39m
[35m[HTTP][39m [37m-->[39m [37mPOST[39m [37m/wd/hub/session/2e97b975-06f7-4760-9e39-0f70d996f970/element/00000000-0000-04a1-7fff-ffff0000007f/click[39m
[35m[HTTP][39m [90m{"id":"00000000-0000-04a1-7fff-ffff0000007f"}[39m
[35m[HTTP][39m [37m<-- POST /wd/hub/session/2e97b975-06f7-4760-9e39-0f70d996f970/element/00000000-0000-04a1-7fff-ffff0000007f/click [39m[32m200[39m [90m18 ms - 14[39m
[35m[HTTP][39m [90m[39m
[35m[HTTP][39m [37m-->[39m [37mGET[39m [37m/wd/hub/session/2e97b975-06f7-4760-9e39-0f70d996f970/source[39m
[35m[HTTP][39m [90m{}[39m
[35m[W3C (2e97b975)][39m Driver proxy active, passing request on via HTTP proxy
[35m[WD Proxy][39m Replacing sessionId f85dc54a-74fa-4fe5-a143-5c4abe759640 with 2e97b975-06f7-4760-9e39-0f70d996f970
[35m[HTTP][39m [37m<-- GET /wd/hub/session/2e97b975-06f7-4760-9e39-0f70d996f970/source [39m[32m200[39m [90m1121 ms - 6648[39m
[35m[HTTP][39m [90m[39m
[35m[HTTP][39m [37m-->[39m [37mGET[39m [37m/wd/hub/session/2e97b975-06f7-4760-9e39-0f70d996f970/screenshot[39m
[35m[HTTP][39m [90m{}[39m
[35m[HTTP][39m [37m<-- GET /wd/hub/session/2e97b975-06f7-4760-9e39-0f70d996f970/screenshot [39m[32m200[39m [90m345 ms - 77656[39m
[35m[HTTP][39m [90m[39m
[35m[HTTP][39m [37m-->[39m [37mGET[39m [37m/wd/hub/session/2e97b975-06f7-4760-9e39-0f70d996f970/source[39m
[35m[HTTP][39m [90m{}[39m
[35m[W3C (2e97b975)][39m Driver proxy active, passing request on via HTTP proxy
[35m[WD Proxy][39m Replacing sessionId f85dc54a-74fa-4fe5-a143-5c4abe759640 with 2e97b975-06f7-4760-9e39-0f70d996f970
[35m[HTTP][39m [37m<-- GET /wd/hub/session/2e97b975-06f7-4760-9e39-0f70d996f970/source [39m[32m200[39m [90m52 ms - 15217[39m
[35m[HTTP][39m [90m[39m
[35m[HTTP][39m [37m-->[39m [37mGET[39m [37m/wd/hub/session/2e97b975-06f7-4760-9e39-0f70d996f970/screenshot[39m
[35m[HTTP][39m [90m{}[39m
[35m[HTTP][39m [37m<-- GET /wd/hub/session/2e97b975-06f7-4760-9e39-0f70d996f970/screenshot [39m[32m200[39m [90m697 ms - 1301746[39m
[35m[HTTP][39m [90m[39m
[35m[HTTP][39m [37m-->[39m [37mPOST[39m [37m/wd/hub/session/2e97b975-06f7-4760-9e39-0f70d996f970/elements[39m
[35m[HTTP][39m [90m{"using":"xpath","value":"//*[@class = 'android.widget.Button' and (@text = 'ADD TO CART' or . = 'ADD TO CART') and @resource-id = 'com.solodroid.solomerce:id/btn_add_cart']"}[39m
[35m[HTTP][39m [37m<-- POST /wd/hub/session/2e97b975-06f7-4760-9e39-0f70d996f970/elements [39m[32m200[39m [90m54 ms - 139[39m
[35m[HTTP][39m [90m[39m
[35m[HTTP][39m [37m-->[39m [37mGET[39m [37m/wd/hub/session/2e97b975-06f7-4760-9e39-0f70d996f970/window/rect[39m
[35m[HTTP][39m [90m{}[39m
[35m[HTTP][39m [37m<-- GET /wd/hub/session/2e97b975-06f7-4760-9e39-0f70d996f970/window/rect [39m[32m200[39m [90m8 ms - 50[39m
[35m[HTTP][39m [90m[39m
[35m[HTTP][39m [37m-->[39m [37mPOST[39m [37m/wd/hub/session/2e97b975-06f7-4760-9e39-0f70d996f970/elements[39m
[35m[HTTP][39m [90m{"using":"xpath","value":"//*[@class = 'android.widget.Button' and (@text = 'ADD TO CART' or . = 'ADD TO CART') and @resource-id = 'com.solodroid.solomerce:id/btn_add_cart']"}[39m
[35m[HTTP][39m [37m<-- POST /wd/hub/session/2e97b975-06f7-4760-9e39-0f70d996f970/elements [39m[32m200[39m [90m52 ms - 139[39m
[35m[HTTP][39m [90m[39m
[35m[HTTP][39m [37m-->[39m [37mGET[39m [37m/wd/hub/session/2e97b975-06f7-4760-9e39-0f70d996f970/element/00000000-0000-04a3-7fff-ffff000000aa/location[39m
[35m[HTTP][39m [90m{}[39m
[35m[W3C (2e97b975)][39m Driver proxy active, passing request on via HTTP proxy
[35m[WD Proxy][39m Replacing sessionId f85dc54a-74fa-4fe5-a143-5c4abe759640 with 2e97b975-06f7-4760-9e39-0f70d996f970
[35m[HTTP][39m [37m<-- GET /wd/hub/session/2e97b975-06f7-4760-9e39-0f70d996f970/element/00000000-0000-04a3-7fff-ffff000000aa/location [39m[32m200[39m [90m12 ms - 77[39m
[35m[HTTP][39m [90m[39m
[35m[HTTP][39m [37m-->[39m [37mPOST[39m [37m/wd/hub/session/2e97b975-06f7-4760-9e39-0f70d996f970/element/00000000-0000-04a3-7fff-ffff000000aa/click[39m
[35m[HTTP][39m [90m{"id":"00000000-0000-04a3-7fff-ffff000000aa"}[39m
[35m[HTTP][39m [37m<-- POST /wd/hub/session/2e97b975-06f7-4760-9e39-0f70d996f970/element/00000000-0000-04a3-7fff-ffff000000aa/click [39m[32m200[39m [90m41 ms - 14[39m
[35m[HTTP][39m [90m[39m
[35m[HTTP][39m [37m-->[39m [37mGET[39m [37m/wd/hub/session/2e97b975-06f7-4760-9e39-0f70d996f970/source[39m
[35m[HTTP][39m [90m{}[39m
[35m[W3C (2e97b975)][39m Driver proxy active, passing request on via HTTP proxy
[35m[WD Proxy][39m Replacing sessionId f85dc54a-74fa-4fe5-a143-5c4abe759640 with 2e97b975-06f7-4760-9e39-0f70d996f970
[35m[HTTP][39m [37m<-- GET /wd/hub/session/2e97b975-06f7-4760-9e39-0f70d996f970/source [39m[32m200[39m [90m508 ms - 6057[39m
[35m[HTTP][39m [90m[39m
[35m[HTTP][39m [37m-->[39m [37mGET[39m [37m/wd/hub/session/2e97b975-06f7-4760-9e39-0f70d996f970/screenshot[39m
[35m[HTTP][39m [90m{}[39m
[35m[HTTP][39m [37m<-- GET /wd/hub/session/2e97b975-06f7-4760-9e39-0f70d996f970/screenshot [39m[32m200[39m [90m511 ms - 728788[39m
[35m[HTTP][39m [90m[39m
[35m[HTTP][39m [37m-->[39m [37mPOST[39m [37m/wd/hub/session/2e97b975-06f7-4760-9e39-0f70d996f970/elements[39m
[35m[HTTP][39m [90m{"using":"xpath","value":"//*[@class = 'android.widget.EditText' and @resource-id = 'com.solodroid.solomerce:id/userInputDialog' and (@text = '' or . = '')]"}[39m
[35m[HTTP][39m [37m<-- POST /wd/hub/session/2e97b975-06f7-4760-9e39-0f70d996f970/elements [39m[32m200[39m [90m27 ms - 139[39m
[35m[HTTP][39m [90m[39m
[35m[HTTP][39m [37m-->[39m [37mGET[39m [37m/wd/hub/session/2e97b975-06f7-4760-9e39-0f70d996f970/window/rect[39m
[35m[HTTP][39m [90m{}[39m
[35m[HTTP][39m [37m<-- GET /wd/hub/session/2e97b975-06f7-4760-9e39-0f70d996f970/window/rect [39m[32m200[39m [90m9 ms - 50[39m
[35m[HTTP][39m [90m[39m
[35m[HTTP][39m [37m-->[39m [37mPOST[39m [37m/wd/hub/session/2e97b975-06f7-4760-9e39-0f70d996f970/elements[39m
[35m[HTTP][39m [90m{"using":"xpath","value":"//*[@class = 'android.widget.EditText' and @resource-id = 'com.solodroid.solomerce:id/userInputDialog' and (@text = '' or . = '')]"}[39m
[35m[HTTP][39m [37m<-- POST /wd/hub/session/2e97b975-06f7-4760-9e39-0f70d996f970/elements [39m[32m200[39m [90m26 ms - 139[39m
[35m[HTTP][39m [90m[39m
[35m[HTTP][39m [37m-->[39m [37mGET[39m [37m/wd/hub/session/2e97b975-06f7-4760-9e39-0f70d996f970/element/00000000-0000-04a4-7fff-ffff000000d1/location[39m
[35m[HTTP][39m [90m{}[39m
[35m[W3C (2e97b975)][39m Driver proxy active, passing request on via HTTP proxy
[35m[WD Proxy][39m Replacing sessionId f85dc54a-74fa-4fe5-a143-5c4abe759640 with 2e97b975-06f7-4760-9e39-0f70d996f970
[35m[HTTP][39m [37m<-- GET /wd/hub/session/2e97b975-06f7-4760-9e39-0f70d996f970/element/00000000-0000-04a4-7fff-ffff000000d1/location [39m[32m200[39m [90m9 ms - 78[39m
[35m[HTTP][39m [90m[39m
[35m[HTTP][39m [37m-->[39m [37mPOST[39m [37m/wd/hub/session/2e97b975-06f7-4760-9e39-0f70d996f970/element/00000000-0000-04a4-7fff-ffff000000d1/click[39m
[35m[HTTP][39m [90m{"id":"00000000-0000-04a4-7fff-ffff000000d1"}[39m
[35m[HTTP][39m [37m<-- POST /wd/hub/session/2e97b975-06f7-4760-9e39-0f70d996f970/element/00000000-0000-04a4-7fff-ffff000000d1/click [39m[32m200[39m [90m24 ms - 14[39m
[35m[HTTP][39m [90m[39m
[35m[HTTP][39m [37m-->[39m [37mGET[39m [37m/wd/hub/session/2e97b975-06f7-4760-9e39-0f70d996f970/source[39m
[35m[HTTP][39m [90m{}[39m
[35m[W3C (2e97b975)][39m Driver proxy active, passing request on via HTTP proxy
[35m[WD Proxy][39m Replacing sessionId f85dc54a-74fa-4fe5-a143-5c4abe759640 with 2e97b975-06f7-4760-9e39-0f70d996f970
[35m[HTTP][39m [37m<-- GET /wd/hub/session/2e97b975-06f7-4760-9e39-0f70d996f970/source [39m[32m200[39m [90m145 ms - 6057[39m
[35m[HTTP][39m [90m[39m
[35m[HTTP][39m [37m-->[39m [37mGET[39m [37m/wd/hub/session/2e97b975-06f7-4760-9e39-0f70d996f970/screenshot[39m
[35m[HTTP][39m [90m{}[39m
[35m[HTTP][39m [37m<-- GET /wd/hub/session/2e97b975-06f7-4760-9e39-0f70d996f970/screenshot [39m[32m200[39m [90m485 ms - 733706[39m
[35m[HTTP][39m [90m[39m
[35m[HTTP][39m [37m-->[39m [37mPOST[39m [37m/wd/hub/session/2e97b975-06f7-4760-9e39-0f70d996f970/elements[39m
[35m[HTTP][39m [90m{"using":"xpath","value":"//*[@class = 'android.widget.EditText' and @resource-id = 'com.solodroid.solomerce:id/userInputDialog' and (@text = '' or . = '')]"}[39m
[35m[HTTP][39m [37m<-- POST /wd/hub/session/2e97b975-06f7-4760-9e39-0f70d996f970/elements [39m[32m200[39m [90m33 ms - 139[39m
[35m[HTTP][39m [90m[39m
[35m[HTTP][39m [37m-->[39m [37mGET[39m [37m/wd/hub/session/2e97b975-06f7-4760-9e39-0f70d996f970/window/rect[39m
[35m[HTTP][39m [90m{}[39m
[35m[HTTP][39m [37m<-- GET /wd/hub/session/2e97b975-06f7-4760-9e39-0f70d996f970/window/rect [39m[32m200[39m [90m6 ms - 50[39m
[35m[HTTP][39m [90m[39m
[35m[HTTP][39m [37m-->[39m [37mPOST[39m [37m/wd/hub/session/2e97b975-06f7-4760-9e39-0f70d996f970/elements[39m
[35m[HTTP][39m [90m{"using":"xpath","value":"//*[@class = 'android.widget.EditText' and @resource-id = 'com.solodroid.solomerce:id/userInputDialog' and (@text = '' or . = '')]"}[39m
[35m[HTTP][39m [37m<-- POST /wd/hub/session/2e97b975-06f7-4760-9e39-0f70d996f970/elements [39m[32m200[39m [90m22 ms - 139[39m
[35m[HTTP][39m [90m[39m
[35m[HTTP][39m [37m-->[39m [37mGET[39m [37m/wd/hub/session/2e97b975-06f7-4760-9e39-0f70d996f970/element/00000000-0000-04a4-7fff-ffff000000d1/location[39m
[35m[HTTP][39m [90m{}[39m
[35m[W3C (2e97b975)][39m Driver proxy active, passing request on via HTTP proxy
[35m[WD Proxy][39m Replacing sessionId f85dc54a-74fa-4fe5-a143-5c4abe759640 with 2e97b975-06f7-4760-9e39-0f70d996f970
[35m[HTTP][39m [37m<-- GET /wd/hub/session/2e97b975-06f7-4760-9e39-0f70d996f970/element/00000000-0000-04a4-7fff-ffff000000d1/location [39m[32m200[39m [90m11 ms - 78[39m
[35m[HTTP][39m [90m[39m
[35m[HTTP][39m [37m-->[39m [37mPOST[39m [37m/wd/hub/session/2e97b975-06f7-4760-9e39-0f70d996f970/element/00000000-0000-04a4-7fff-ffff000000d1/clear[39m
[35m[HTTP][39m [90m{"id":"00000000-0000-04a4-7fff-ffff000000d1"}[39m
[35m[HTTP][39m [37m<-- POST /wd/hub/session/2e97b975-06f7-4760-9e39-0f70d996f970/element/00000000-0000-04a4-7fff-ffff000000d1/clear [39m[32m200[39m [90m14 ms - 14[39m
[35m[HTTP][39m [90m[39m
[35m[HTTP][39m [37m-->[39m [37mPOST[39m [37m/wd/hub/session/2e97b975-06f7-4760-9e39-0f70d996f970/element/00000000-0000-04a4-7fff-ffff000000d1/value[39m
[35m[HTTP][39m [90m{"id":"00000000-0000-04a4-7fff-ffff000000d1","text":"1","value":["1"]}[39m
[35m[HTTP][39m [37m<-- POST /wd/hub/session/2e97b975-06f7-4760-9e39-0f70d996f970/element/00000000-0000-04a4-7fff-ffff000000d1/value [39m[32m200[39m [90m524 ms - 14[39m
[35m[HTTP][39m [90m[39m
[35m[HTTP][39m [37m-->[39m [37mGET[39m [37m/wd/hub/session/2e97b975-06f7-4760-9e39-0f70d996f970/source[39m
[35m[HTTP][39m [90m{}[39m
[35m[W3C (2e97b975)][39m Driver proxy active, passing request on via HTTP proxy
[35m[WD Proxy][39m Replacing sessionId f85dc54a-74fa-4fe5-a143-5c4abe759640 with 2e97b975-06f7-4760-9e39-0f70d996f970
[35m[HTTP][39m [37m<-- GET /wd/hub/session/2e97b975-06f7-4760-9e39-0f70d996f970/source [39m[32m200[39m [90m16 ms - 6058[39m
[35m[HTTP][39m [90m[39m
[35m[HTTP][39m [37m-->[39m [37mGET[39m [37m/wd/hub/session/2e97b975-06f7-4760-9e39-0f70d996f970/screenshot[39m
[35m[HTTP][39m [90m{}[39m
[35m[HTTP][39m [37m<-- GET /wd/hub/session/2e97b975-06f7-4760-9e39-0f70d996f970/screenshot [39m[32m200[39m [90m475 ms - 734100[39m
[35m[HTTP][39m [90m[39m
[35m[HTTP][39m [37m-->[39m [37mPOST[39m [37m/wd/hub/session/2e97b975-06f7-4760-9e39-0f70d996f970/elements[39m
[35m[HTTP][39m [90m{"using":"xpath","value":"//*[@class = 'android.widget.Button' and (@text = 'ADD' or . = 'ADD') and @resource-id = 'android:id/button1']"}[39m
[35m[HTTP][39m [37m<-- POST /wd/hub/session/2e97b975-06f7-4760-9e39-0f70d996f970/elements [39m[32m200[39m [90m23 ms - 139[39m
[35m[HTTP][39m [90m[39m
[35m[HTTP][39m [37m-->[39m [37mGET[39m [37m/wd/hub/session/2e97b975-06f7-4760-9e39-0f70d996f970/window/rect[39m
[35m[HTTP][39m [90m{}[39m
[35m[HTTP][39m [37m<-- GET /wd/hub/session/2e97b975-06f7-4760-9e39-0f70d996f970/window/rect [39m[32m200[39m [90m7 ms - 50[39m
[35m[HTTP][39m [90m[39m
[35m[HTTP][39m [37m-->[39m [37mPOST[39m [37m/wd/hub/session/2e97b975-06f7-4760-9e39-0f70d996f970/elements[39m
[35m[HTTP][39m [90m{"using":"xpath","value":"//*[@class = 'android.widget.Button' and (@text = 'ADD' or . = 'ADD') and @resource-id = 'android:id/button1']"}[39m
[35m[HTTP][39m [37m<-- POST /wd/hub/session/2e97b975-06f7-4760-9e39-0f70d996f970/elements [39m[32m200[39m [90m22 ms - 139[39m
[35m[HTTP][39m [90m[39m
[35m[HTTP][39m [37m-->[39m [37mGET[39m [37m/wd/hub/session/2e97b975-06f7-4760-9e39-0f70d996f970/element/00000000-0000-04a4-7fff-ffff000000cf/location[39m
[35m[HTTP][39m [90m{}[39m
[35m[W3C (2e97b975)][39m Driver proxy active, passing request on via HTTP proxy
[35m[WD Proxy][39m Replacing sessionId f85dc54a-74fa-4fe5-a143-5c4abe759640 with 2e97b975-06f7-4760-9e39-0f70d996f970
[35m[HTTP][39m [37m<-- GET /wd/hub/session/2e97b975-06f7-4760-9e39-0f70d996f970/element/00000000-0000-04a4-7fff-ffff000000cf/location [39m[32m200[39m [90m9 ms - 79[39m
[35m[HTTP][39m [90m[39m
[35m[HTTP][39m [37m-->[39m [37mPOST[39m [37m/wd/hub/session/2e97b975-06f7-4760-9e39-0f70d996f970/element/00000000-0000-04a4-7fff-ffff000000cf/click[39m
[35m[HTTP][39m [90m{"id":"00000000-0000-04a4-7fff-ffff000000cf"}[39m
[35m[HTTP][39m [37m<-- POST /wd/hub/session/2e97b975-06f7-4760-9e39-0f70d996f970/element/00000000-0000-04a4-7fff-ffff000000cf/click [39m[32m200[39m [90m12 ms - 14[39m
[35m[HTTP][39m [90m[39m
[35m[HTTP][39m [37m-->[39m [37mGET[39m [37m/wd/hub/session/2e97b975-06f7-4760-9e39-0f70d996f970/source[39m
[35m[HTTP][39m [90m{}[39m
[35m[W3C (2e97b975)][39m Driver proxy active, passing request on via HTTP proxy
[35m[WD Proxy][39m Replacing sessionId f85dc54a-74fa-4fe5-a143-5c4abe759640 with 2e97b975-06f7-4760-9e39-0f70d996f970
[35m[HTTP][39m [37m<-- GET /wd/hub/session/2e97b975-06f7-4760-9e39-0f70d996f970/source [39m[32m200[39m [90m192 ms - 17442[39m
[35m[HTTP][39m [90m[39m
[35m[HTTP][39m [37m-->[39m [37mGET[39m [37m/wd/hub/session/2e97b975-06f7-4760-9e39-0f70d996f970/screenshot[39m
[35m[HTTP][39m [90m{}[39m
[35m[HTTP][39m [37m<-- GET /wd/hub/session/2e97b975-06f7-4760-9e39-0f70d996f970/screenshot [39m[32m200[39m [90m678 ms - 1316058[39m
[35m[HTTP][39m [90m[39m
[35m[HTTP][39m [37m-->[39m [37mPOST[39m [37m/wd/hub/session/2e97b975-06f7-4760-9e39-0f70d996f970/elements[39m
[35m[HTTP][39m [90m{"using":"xpath","value":"//*[@class = 'android.widget.TextView' and @resource-id = 'com.solodroid.solomerce:id/cart' and (@text = '' or . = '')]"}[39m
[35m[HTTP][39m [37m<-- POST /wd/hub/session/2e97b975-06f7-4760-9e39-0f70d996f970/elements [39m[32m200[39m [90m31 ms - 139[39m
[35m[HTTP][39m [90m[39m
[35m[HTTP][39m [37m-->[39m [37mGET[39m [37m/wd/hub/session/2e97b975-06f7-4760-9e39-0f70d996f970/window/rect[39m
[35m[HTTP][39m [90m{}[39m
[35m[HTTP][39m [37m<-- GET /wd/hub/session/2e97b975-06f7-4760-9e39-0f70d996f970/window/rect [39m[32m200[39m [90m8 ms - 50[39m
[35m[HTTP][39m [90m[39m
[35m[HTTP][39m [37m-->[39m [37mPOST[39m [37m/wd/hub/session/2e97b975-06f7-4760-9e39-0f70d996f970/elements[39m
[35m[HTTP][39m [90m{"using":"xpath","value":"//*[@class = 'android.widget.TextView' and @resource-id = 'com.solodroid.solomerce:id/cart' and (@text = '' or . = '')]"}[39m
[35m[HTTP][39m [37m<-- POST /wd/hub/session/2e97b975-06f7-4760-9e39-0f70d996f970/elements [39m[32m200[39m [90m29 ms - 139[39m
[35m[HTTP][39m [90m[39m
[35m[HTTP][39m [37m-->[39m [37mGET[39m [37m/wd/hub/session/2e97b975-06f7-4760-9e39-0f70d996f970/element/00000000-0000-04a3-7fff-ffff000000af/location[39m
[35m[HTTP][39m [90m{}[39m
[35m[W3C (2e97b975)][39m Driver proxy active, passing request on via HTTP proxy
[35m[WD Proxy][39m Replacing sessionId f85dc54a-74fa-4fe5-a143-5c4abe759640 with 2e97b975-06f7-4760-9e39-0f70d996f970
[35m[HTTP][39m [37m<-- GET /wd/hub/session/2e97b975-06f7-4760-9e39-0f70d996f970/element/00000000-0000-04a3-7fff-ffff000000af/location [39m[32m200[39m [90m12 ms - 77[39m
[35m[HTTP][39m [90m[39m
[35m[HTTP][39m [37m-->[39m [37mPOST[39m [37m/wd/hub/session/2e97b975-06f7-4760-9e39-0f70d996f970/element/00000000-0000-04a3-7fff-ffff000000af/click[39m
[35m[HTTP][39m [90m{"id":"00000000-0000-04a3-7fff-ffff000000af"}[39m
[35m[HTTP][39m [37m<-- POST /wd/hub/session/2e97b975-06f7-4760-9e39-0f70d996f970/element/00000000-0000-04a3-7fff-ffff000000af/click [39m[32m200[39m [90m12 ms - 14[39m
[35m[HTTP][39m [90m[39m
[35m[HTTP][39m [37m-->[39m [37mGET[39m [37m/wd/hub/session/2e97b975-06f7-4760-9e39-0f70d996f970/source[39m
[35m[HTTP][39m [90m{}[39m
[35m[W3C (2e97b975)][39m Driver proxy active, passing request on via HTTP proxy
[35m[WD Proxy][39m Replacing sessionId f85dc54a-74fa-4fe5-a143-5c4abe759640 with 2e97b975-06f7-4760-9e39-0f70d996f970
[35m[HTTP][39m [37m<-- GET /wd/hub/session/2e97b975-06f7-4760-9e39-0f70d996f970/source [39m[32m200[39m [90m317 ms - 15626[39m
[35m[HTTP][39m [90m[39m
[35m[HTTP][39m [37m-->[39m [37mGET[39m [37m/wd/hub/session/2e97b975-06f7-4760-9e39-0f70d996f970/screenshot[39m
[35m[HTTP][39m [90m{}[39m
[35m[HTTP][39m [37m<-- GET /wd/hub/session/2e97b975-06f7-4760-9e39-0f70d996f970/screenshot [39m[32m200[39m [90m244 ms - 162110[39m
[35m[HTTP][39m [90m[39m
[35m[HTTP][39m [37m-->[39m [37mPOST[39m [37m/wd/hub/session/2e97b975-06f7-4760-9e39-0f70d996f970/elements[39m
[35m[HTTP][39m [90m{"using":"xpath","value":"//*[@class = 'android.widget.Button' and (@text = 'CHECKOUT' or . = 'CHECKOUT') and @resource-id = 'com.solodroid.solomerce:id/btn_checkout']"}[39m
[35m[HTTP][39m [37m<-- POST /wd/hub/session/2e97b975-06f7-4760-9e39-0f70d996f970/elements [39m[32m200[39m [90m43 ms - 139[39m
[35m[HTTP][39m [90m[39m
[35m[HTTP][39m [37m-->[39m [37mGET[39m [37m/wd/hub/session/2e97b975-06f7-4760-9e39-0f70d996f970/window/rect[39m
[35m[HTTP][39m [90m{}[39m
[35m[HTTP][39m [37m<-- GET /wd/hub/session/2e97b975-06f7-4760-9e39-0f70d996f970/window/rect [39m[32m200[39m [90m9 ms - 50[39m
[35m[HTTP][39m [90m[39m
[35m[HTTP][39m [37m-->[39m [37mPOST[39m [37m/wd/hub/session/2e97b975-06f7-4760-9e39-0f70d996f970/elements[39m
[35m[HTTP][39m [90m{"using":"xpath","value":"//*[@class = 'android.widget.Button' and (@text = 'CHECKOUT' or . = 'CHECKOUT') and @resource-id = 'com.solodroid.solomerce:id/btn_checkout']"}[39m
[35m[HTTP][39m [37m<-- POST /wd/hub/session/2e97b975-06f7-4760-9e39-0f70d996f970/elements [39m[32m200[39m [90m37 ms - 139[39m
[35m[HTTP][39m [90m[39m
[35m[HTTP][39m [37m-->[39m [37mGET[39m [37m/wd/hub/session/2e97b975-06f7-4760-9e39-0f70d996f970/element/00000000-0000-04a6-7fff-ffff000000ea/location[39m
[35m[HTTP][39m [90m{}[39m
[35m[W3C (2e97b975)][39m Driver proxy active, passing request on via HTTP proxy
[35m[WD Proxy][39m Replacing sessionId f85dc54a-74fa-4fe5-a143-5c4abe759640 with 2e97b975-06f7-4760-9e39-0f70d996f970
[35m[HTTP][39m [37m<-- GET /wd/hub/session/2e97b975-06f7-4760-9e39-0f70d996f970/element/00000000-0000-04a6-7fff-ffff000000ea/location [39m[32m200[39m [90m12 ms - 79[39m
[35m[HTTP][39m [90m[39m
[35m[HTTP][39m [37m-->[39m [37mPOST[39m [37m/wd/hub/session/2e97b975-06f7-4760-9e39-0f70d996f970/element/00000000-0000-04a6-7fff-ffff000000ea/click[39m
[35m[HTTP][39m [90m{"id":"00000000-0000-04a6-7fff-ffff000000ea"}[39m
[35m[HTTP][39m [37m<-- POST /wd/hub/session/2e97b975-06f7-4760-9e39-0f70d996f970/element/00000000-0000-04a6-7fff-ffff000000ea/click [39m[32m200[39m [90m12 ms - 14[39m
[35m[HTTP][39m [90m[39m
[35m[HTTP][39m [37m-->[39m [37mGET[39m [37m/wd/hub/session/2e97b975-06f7-4760-9e39-0f70d996f970/source[39m
[35m[HTTP][39m [90m{}[39m
[35m[W3C (2e97b975)][39m Driver proxy active, passing request on via HTTP proxy
[35m[WD Proxy][39m Replacing sessionId f85dc54a-74fa-4fe5-a143-5c4abe759640 with 2e97b975-06f7-4760-9e39-0f70d996f970
[35m[HTTP][39m [37m<-- GET /wd/hub/session/2e97b975-06f7-4760-9e39-0f70d996f970/source [39m[32m200[39m [90m561 ms - 15403[39m
[35m[HTTP][39m [90m[39m
[35m[HTTP][39m [37m-->[39m [37mGET[39m [37m/wd/hub/session/2e97b975-06f7-4760-9e39-0f70d996f970/screenshot[39m
[35m[HTTP][39m [90m{}[39m
[35m[HTTP][39m [37m<-- GET /wd/hub/session/2e97b975-06f7-4760-9e39-0f70d996f970/screenshot [39m[32m200[39m [90m239 ms - 154366[39m
[35m[HTTP][39m [90m[39m
[35m[HTTP][39m [37m-->[39m [37mPOST[39m [37m/wd/hub/session/2e97b975-06f7-4760-9e39-0f70d996f970/elements[39m
[35m[HTTP][39m [90m{"using":"xpath","value":"//*[@class = 'android.widget.EditText' and (@text = 'Adam Ghufron' or . = 'Adam Ghufron') and @resource-id = 'com.solodroid.solomerce:id/edt_name']"}[39m
[35m[HTTP][39m [37m<-- POST /wd/hub/session/2e97b975-06f7-4760-9e39-0f70d996f970/elements [39m[32m200[39m [90m22 ms - 139[39m
[35m[HTTP][39m [90m[39m
[35m[HTTP][39m [37m-->[39m [37mGET[39m [37m/wd/hub/session/2e97b975-06f7-4760-9e39-0f70d996f970/window/rect[39m
[35m[HTTP][39m [90m{}[39m
[35m[HTTP][39m [37m<-- GET /wd/hub/session/2e97b975-06f7-4760-9e39-0f70d996f970/window/rect [39m[32m200[39m [90m9 ms - 50[39m
[35m[HTTP][39m [90m[39m
[35m[HTTP][39m [37m-->[39m [37mPOST[39m [37m/wd/hub/session/2e97b975-06f7-4760-9e39-0f70d996f970/elements[39m
[35m[HTTP][39m [90m{"using":"xpath","value":"//*[@class = 'android.widget.EditText' and (@text = 'Adam Ghufron' or . = 'Adam Ghufron') and @resource-id = 'com.solodroid.solomerce:id/edt_name']"}[39m
[35m[HTTP][39m [37m<-- POST /wd/hub/session/2e97b975-06f7-4760-9e39-0f70d996f970/elements [39m[32m200[39m [90m32 ms - 139[39m
[35m[HTTP][39m [90m[39m
[35m[HTTP][39m [37m-->[39m [37mGET[39m [37m/wd/hub/session/2e97b975-06f7-4760-9e39-0f70d996f970/element/00000000-0000-04a7-7fff-ffff00000113/location[39m
[35m[HTTP][39m [90m{}[39m
[35m[W3C (2e97b975)][39m Driver proxy active, passing request on via HTTP proxy
[35m[WD Proxy][39m Replacing sessionId f85dc54a-74fa-4fe5-a143-5c4abe759640 with 2e97b975-06f7-4760-9e39-0f70d996f970
[35m[HTTP][39m [37m<-- GET /wd/hub/session/2e97b975-06f7-4760-9e39-0f70d996f970/element/00000000-0000-04a7-7fff-ffff00000113/location [39m[32m200[39m [90m10 ms - 77[39m
[35m[HTTP][39m [90m[39m
[35m[HTTP][39m [37m-->[39m [37mPOST[39m [37m/wd/hub/session/2e97b975-06f7-4760-9e39-0f70d996f970/element/00000000-0000-04a7-7fff-ffff00000113/clear[39m
[35m[HTTP][39m [90m{"id":"00000000-0000-04a7-7fff-ffff00000113"}[39m
[35m[HTTP][39m [37m<-- POST /wd/hub/session/2e97b975-06f7-4760-9e39-0f70d996f970/element/00000000-0000-04a7-7fff-ffff00000113/clear [39m[32m200[39m [90m14 ms - 14[39m
[35m[HTTP][39m [90m[39m
[35m[HTTP][39m [37m-->[39m [37mGET[39m [37m/wd/hub/session/2e97b975-06f7-4760-9e39-0f70d996f970/source[39m
[35m[HTTP][39m [90m{}[39m
[35m[W3C (2e97b975)][39m Driver proxy active, passing request on via HTTP proxy
[35m[WD Proxy][39m Replacing sessionId f85dc54a-74fa-4fe5-a143-5c4abe759640 with 2e97b975-06f7-4760-9e39-0f70d996f970
[35m[HTTP][39m [37m<-- GET /wd/hub/session/2e97b975-06f7-4760-9e39-0f70d996f970/source [39m[32m200[39m [90m48 ms - 15885[39m
[35m[HTTP][39m [90m[39m
[35m[HTTP][39m [37m-->[39m [37mGET[39m [37m/wd/hub/session/2e97b975-06f7-4760-9e39-0f70d996f970/screenshot[39m
[35m[HTTP][39m [90m{}[39m
[35m[HTTP][39m [37m<-- GET /wd/hub/session/2e97b975-06f7-4760-9e39-0f70d996f970/screenshot [39m[32m200[39m [90m228 ms - 147984[39m
[35m[HTTP][39m [90m[39m
[35m[HTTP][39m [37m-->[39m [37mPOST[39m [37m/wd/hub/session/2e97b975-06f7-4760-9e39-0f70d996f970/elements[39m
[35m[HTTP][39m [90m{"using":"xpath","value":"//*[@class = 'android.widget.EditText' and (@text = 'adamghufrons@gmail.com' or . = 'adamghufrons@gmail.com') and @resource-id = 'com.solodroid.solomerce:id/edt_email']"}[39m
[35m[HTTP][39m [37m<-- POST /wd/hub/session/2e97b975-06f7-4760-9e39-0f70d996f970/elements [39m[32m200[39m [90m31 ms - 139[39m
[35m[HTTP][39m [90m[39m
[35m[HTTP][39m [37m-->[39m [37mGET[39m [37m/wd/hub/session/2e97b975-06f7-4760-9e39-0f70d996f970/window/rect[39m
[35m[HTTP][39m [90m{}[39m
[35m[HTTP][39m [37m<-- GET /wd/hub/session/2e97b975-06f7-4760-9e39-0f70d996f970/window/rect [39m[32m200[39m [90m9 ms - 50[39m
[35m[HTTP][39m [90m[39m
[35m[HTTP][39m [37m-->[39m [37mPOST[39m [37m/wd/hub/session/2e97b975-06f7-4760-9e39-0f70d996f970/elements[39m
[35m[HTTP][39m [90m{"using":"xpath","value":"//*[@class = 'android.widget.EditText' and (@text = 'adamghufrons@gmail.com' or . = 'adamghufrons@gmail.com') and @resource-id = 'com.solodroid.solomerce:id/edt_email']"}[39m
[35m[HTTP][39m [37m<-- POST /wd/hub/session/2e97b975-06f7-4760-9e39-0f70d996f970/elements [39m[32m200[39m [90m25 ms - 139[39m
[35m[HTTP][39m [90m[39m
[35m[HTTP][39m [37m-->[39m [37mGET[39m [37m/wd/hub/session/2e97b975-06f7-4760-9e39-0f70d996f970/element/00000000-0000-04a7-7fff-ffff00000132/location[39m
[35m[HTTP][39m [90m{}[39m
[35m[W3C (2e97b975)][39m Driver proxy active, passing request on via HTTP proxy
[35m[WD Proxy][39m Replacing sessionId f85dc54a-74fa-4fe5-a143-5c4abe759640 with 2e97b975-06f7-4760-9e39-0f70d996f970
[35m[HTTP][39m [37m<-- GET /wd/hub/session/2e97b975-06f7-4760-9e39-0f70d996f970/element/00000000-0000-04a7-7fff-ffff00000132/location [39m[32m200[39m [90m10 ms - 77[39m
[35m[HTTP][39m [90m[39m
[35m[HTTP][39m [37m-->[39m [37mPOST[39m [37m/wd/hub/session/2e97b975-06f7-4760-9e39-0f70d996f970/element/00000000-0000-04a7-7fff-ffff00000132/clear[39m
[35m[HTTP][39m [90m{"id":"00000000-0000-04a7-7fff-ffff00000132"}[39m
[35m[HTTP][39m [37m<-- POST /wd/hub/session/2e97b975-06f7-4760-9e39-0f70d996f970/element/00000000-0000-04a7-7fff-ffff00000132/clear [39m[32m200[39m [90m8 ms - 14[39m
[35m[HTTP][39m [90m[39m
[35m[HTTP][39m [37m-->[39m [37mGET[39m [37m/wd/hub/session/2e97b975-06f7-4760-9e39-0f70d996f970/source[39m
[35m[HTTP][39m [90m{}[39m
[35m[W3C (2e97b975)][39m Driver proxy active, passing request on via HTTP proxy
[35m[WD Proxy][39m Replacing sessionId f85dc54a-74fa-4fe5-a143-5c4abe759640 with 2e97b975-06f7-4760-9e39-0f70d996f970
[35m[HTTP][39m [37m<-- GET /wd/hub/session/2e97b975-06f7-4760-9e39-0f70d996f970/source [39m[32m200[39m [90m23 ms - 15873[39m
[35m[HTTP][39m [90m[39m
[35m[HTTP][39m [37m-->[39m [37mGET[39m [37m/wd/hub/session/2e97b975-06f7-4760-9e39-0f70d996f970/screenshot[39m
[35m[HTTP][39m [90m{}[39m
[35m[HTTP][39m [37m<-- GET /wd/hub/session/2e97b975-06f7-4760-9e39-0f70d996f970/screenshot [39m[32m200[39m [90m193 ms - 134510[39m
[35m[HTTP][39m [90m[39m
[35m[HTTP][39m [37m-->[39m [37mPOST[39m [37m/wd/hub/session/2e97b975-06f7-4760-9e39-0f70d996f970/elements[39m
[35m[HTTP][39m [90m{"using":"xpath","value":"//*[@class = 'android.widget.EditText' and (@text = '+6285156512320' or . = '+6285156512320') and @resource-id = 'com.solodroid.solomerce:id/edt_phone']"}[39m
[35m[HTTP][39m [37m<-- POST /wd/hub/session/2e97b975-06f7-4760-9e39-0f70d996f970/elements [39m[32m200[39m [90m38 ms - 139[39m
[35m[HTTP][39m [90m[39m
[35m[HTTP][39m [37m-->[39m [37mGET[39m [37m/wd/hub/session/2e97b975-06f7-4760-9e39-0f70d996f970/window/rect[39m
[35m[HTTP][39m [90m{}[39m
[35m[HTTP][39m [37m<-- GET /wd/hub/session/2e97b975-06f7-4760-9e39-0f70d996f970/window/rect [39m[32m200[39m [90m7 ms - 50[39m
[35m[HTTP][39m [90m[39m
[35m[HTTP][39m [37m-->[39m [37mPOST[39m [37m/wd/hub/session/2e97b975-06f7-4760-9e39-0f70d996f970/elements[39m
[35m[HTTP][39m [90m{"using":"xpath","value":"//*[@class = 'android.widget.EditText' and (@text = '+6285156512320' or . = '+6285156512320') and @resource-id = 'com.solodroid.solomerce:id/edt_phone']"}[39m
[35m[HTTP][39m [37m<-- POST /wd/hub/session/2e97b975-06f7-4760-9e39-0f70d996f970/elements [39m[32m200[39m [90m39 ms - 139[39m
[35m[HTTP][39m [90m[39m
[35m[HTTP][39m [37m-->[39m [37mGET[39m [37m/wd/hub/session/2e97b975-06f7-4760-9e39-0f70d996f970/element/00000000-0000-04a7-7fff-ffff00000134/location[39m
[35m[HTTP][39m [90m{}[39m
[35m[W3C (2e97b975)][39m Driver proxy active, passing request on via HTTP proxy
[35m[WD Proxy][39m Replacing sessionId f85dc54a-74fa-4fe5-a143-5c4abe759640 with 2e97b975-06f7-4760-9e39-0f70d996f970
[35m[HTTP][39m [37m<-- GET /wd/hub/session/2e97b975-06f7-4760-9e39-0f70d996f970/element/00000000-0000-04a7-7fff-ffff00000134/location [39m[32m200[39m [90m9 ms - 77[39m
[35m[HTTP][39m [90m[39m
[35m[HTTP][39m [37m-->[39m [37mPOST[39m [37m/wd/hub/session/2e97b975-06f7-4760-9e39-0f70d996f970/element/00000000-0000-04a7-7fff-ffff00000134/clear[39m
[35m[HTTP][39m [90m{"id":"00000000-0000-04a7-7fff-ffff00000134"}[39m
[35m[HTTP][39m [37m<-- POST /wd/hub/session/2e97b975-06f7-4760-9e39-0f70d996f970/element/00000000-0000-04a7-7fff-ffff00000134/clear [39m[32m200[39m [90m11 ms - 14[39m
[35m[HTTP][39m [90m[39m
[35m[HTTP][39m [37m-->[39m [37mGET[39m [37m/wd/hub/session/2e97b975-06f7-4760-9e39-0f70d996f970/source[39m
[35m[HTTP][39m [90m{}[39m
[35m[W3C (2e97b975)][39m Driver proxy active, passing request on via HTTP proxy
[35m[WD Proxy][39m Replacing sessionId f85dc54a-74fa-4fe5-a143-5c4abe759640 with 2e97b975-06f7-4760-9e39-0f70d996f970
[35m[HTTP][39m [37m<-- GET /wd/hub/session/2e97b975-06f7-4760-9e39-0f70d996f970/source [39m[32m200[39m [90m27 ms - 15871[39m
[35m[HTTP][39m [90m[39m
[35m[HTTP][39m [37m-->[39m [37mGET[39m [37m/wd/hub/session/2e97b975-06f7-4760-9e39-0f70d996f970/screenshot[39m
[35m[HTTP][39m [90m{}[39m
[35m[HTTP][39m [37m<-- GET /wd/hub/session/2e97b975-06f7-4760-9e39-0f70d996f970/screenshot [39m[32m200[39m [90m239 ms - 125326[39m
[35m[HTTP][39m [90m[39m
[35m[HTTP][39m [37m-->[39m [37mPOST[39m [37m/wd/hub/session/2e97b975-06f7-4760-9e39-0f70d996f970/elements[39m
[35m[HTTP][39m [90m{"using":"xpath","value":"//*[@class = 'android.widget.EditText' and (@text = 'Jaksel' or . = 'Jaksel') and @resource-id = 'com.solodroid.solomerce:id/edt_address']"}[39m
[35m[HTTP][39m [37m<-- POST /wd/hub/session/2e97b975-06f7-4760-9e39-0f70d996f970/elements [39m[32m200[39m [90m27 ms - 139[39m
[35m[HTTP][39m [90m[39m
[35m[HTTP][39m [37m-->[39m [37mGET[39m [37m/wd/hub/session/2e97b975-06f7-4760-9e39-0f70d996f970/window/rect[39m
[35m[HTTP][39m [90m{}[39m
[35m[HTTP][39m [37m<-- GET /wd/hub/session/2e97b975-06f7-4760-9e39-0f70d996f970/window/rect [39m[32m200[39m [90m7 ms - 50[39m
[35m[HTTP][39m [90m[39m
[35m[HTTP][39m [37m-->[39m [37mPOST[39m [37m/wd/hub/session/2e97b975-06f7-4760-9e39-0f70d996f970/elements[39m
[35m[HTTP][39m [90m{"using":"xpath","value":"//*[@class = 'android.widget.EditText' and (@text = 'Jaksel' or . = 'Jaksel') and @resource-id = 'com.solodroid.solomerce:id/edt_address']"}[39m
[35m[HTTP][39m [37m<-- POST /wd/hub/session/2e97b975-06f7-4760-9e39-0f70d996f970/elements [39m[32m200[39m [90m37 ms - 139[39m
[35m[HTTP][39m [90m[39m
[35m[HTTP][39m [37m-->[39m [37mGET[39m [37m/wd/hub/session/2e97b975-06f7-4760-9e39-0f70d996f970/element/00000000-0000-04a7-7fff-ffff00000133/location[39m
[35m[HTTP][39m [90m{}[39m
[35m[W3C (2e97b975)][39m Driver proxy active, passing request on via HTTP proxy
[35m[WD Proxy][39m Replacing sessionId f85dc54a-74fa-4fe5-a143-5c4abe759640 with 2e97b975-06f7-4760-9e39-0f70d996f970
[35m[HTTP][39m [37m<-- GET /wd/hub/session/2e97b975-06f7-4760-9e39-0f70d996f970/element/00000000-0000-04a7-7fff-ffff00000133/location [39m[32m200[39m [90m10 ms - 77[39m
[35m[HTTP][39m [90m[39m
[35m[HTTP][39m [37m-->[39m [37mPOST[39m [37m/wd/hub/session/2e97b975-06f7-4760-9e39-0f70d996f970/element/00000000-0000-04a7-7fff-ffff00000133/clear[39m
[35m[HTTP][39m [90m{"id":"00000000-0000-04a7-7fff-ffff00000133"}[39m
[35m[HTTP][39m [37m<-- POST /wd/hub/session/2e97b975-06f7-4760-9e39-0f70d996f970/element/00000000-0000-04a7-7fff-ffff00000133/clear [39m[32m200[39m [90m13 ms - 14[39m
[35m[HTTP][39m [90m[39m
[35m[HTTP][39m [37m-->[39m [37mGET[39m [37m/wd/hub/session/2e97b975-06f7-4760-9e39-0f70d996f970/source[39m
[35m[HTTP][39m [90m{}[39m
[35m[W3C (2e97b975)][39m Driver proxy active, passing request on via HTTP proxy
[35m[WD Proxy][39m Replacing sessionId f85dc54a-74fa-4fe5-a143-5c4abe759640 with 2e97b975-06f7-4760-9e39-0f70d996f970
[35m[HTTP][39m [37m<-- GET /wd/hub/session/2e97b975-06f7-4760-9e39-0f70d996f970/source [39m[32m200[39m [90m25 ms - 15872[39m
[35m[HTTP][39m [90m[39m
[35m[HTTP][39m [37m-->[39m [37mGET[39m [37m/wd/hub/session/2e97b975-06f7-4760-9e39-0f70d996f970/screenshot[39m
[35m[HTTP][39m [90m{}[39m
[35m[HTTP][39m [37m<-- GET /wd/hub/session/2e97b975-06f7-4760-9e39-0f70d996f970/screenshot [39m[32m200[39m [90m239 ms - 121134[39m
[35m[HTTP][39m [90m[39m
[35m[HTTP][39m [37m-->[39m [37mPOST[39m [37m/wd/hub/session/2e97b975-06f7-4760-9e39-0f70d996f970/elements[39m
[35m[HTTP][39m [90m{"using":"xpath","value":"//*[@class = 'android.widget.Button' and (@text = 'PROCESS CHECKOUT' or . = 'PROCESS CHECKOUT') and @resource-id = 'com.solodroid.solomerce:id/btn_submit_order']"}[39m
[35m[HTTP][39m [37m<-- POST /wd/hub/session/2e97b975-06f7-4760-9e39-0f70d996f970/elements [39m[32m200[39m [90m36 ms - 139[39m
[35m[HTTP][39m [90m[39m
[35m[HTTP][39m [37m-->[39m [37mGET[39m [37m/wd/hub/session/2e97b975-06f7-4760-9e39-0f70d996f970/window/rect[39m
[35m[HTTP][39m [90m{}[39m
[35m[HTTP][39m [37m<-- GET /wd/hub/session/2e97b975-06f7-4760-9e39-0f70d996f970/window/rect [39m[32m200[39m [90m9 ms - 50[39m
[35m[HTTP][39m [90m[39m
[35m[HTTP][39m [37m-->[39m [37mPOST[39m [37m/wd/hub/session/2e97b975-06f7-4760-9e39-0f70d996f970/elements[39m
[35m[HTTP][39m [90m{"using":"xpath","value":"//*[@class = 'android.widget.Button' and (@text = 'PROCESS CHECKOUT' or . = 'PROCESS CHECKOUT') and @resource-id = 'com.solodroid.solomerce:id/btn_submit_order']"}[39m
[35m[HTTP][39m [37m<-- POST /wd/hub/session/2e97b975-06f7-4760-9e39-0f70d996f970/elements [39m[32m200[39m [90m21 ms - 139[39m
[35m[HTTP][39m [90m[39m
[35m[HTTP][39m [37m-->[39m [37mGET[39m [37m/wd/hub/session/2e97b975-06f7-4760-9e39-0f70d996f970/element/00000000-0000-04a7-7fff-ffff0000010e/location[39m
[35m[HTTP][39m [90m{}[39m
[35m[W3C (2e97b975)][39m Driver proxy active, passing request on via HTTP proxy
[35m[WD Proxy][39m Replacing sessionId f85dc54a-74fa-4fe5-a143-5c4abe759640 with 2e97b975-06f7-4760-9e39-0f70d996f970
[35m[HTTP][39m [37m<-- GET /wd/hub/session/2e97b975-06f7-4760-9e39-0f70d996f970/element/00000000-0000-04a7-7fff-ffff0000010e/location [39m[32m200[39m [90m10 ms - 77[39m
[35m[HTTP][39m [90m[39m
[35m[HTTP][39m [37m-->[39m [37mPOST[39m [37m/wd/hub/session/2e97b975-06f7-4760-9e39-0f70d996f970/element/00000000-0000-04a7-7fff-ffff0000010e/click[39m
[35m[HTTP][39m [90m{"id":"00000000-0000-04a7-7fff-ffff0000010e"}[39m
[35m[HTTP][39m [37m<-- POST /wd/hub/session/2e97b975-06f7-4760-9e39-0f70d996f970/element/00000000-0000-04a7-7fff-ffff0000010e/click [39m[32m200[39m [90m11 ms - 14[39m
[35m[HTTP][39m [90m[39m
[35m[HTTP][39m [37m-->[39m [37mGET[39m [37m/wd/hub/session/2e97b975-06f7-4760-9e39-0f70d996f970/source[39m
[35m[HTTP][39m [90m{}[39m
[35m[W3C (2e97b975)][39m Driver proxy active, passing request on via HTTP proxy
[35m[WD Proxy][39m Replacing sessionId f85dc54a-74fa-4fe5-a143-5c4abe759640 with 2e97b975-06f7-4760-9e39-0f70d996f970
[35m[HTTP][39m [37m<-- GET /wd/hub/session/2e97b975-06f7-4760-9e39-0f70d996f970/source [39m[32m200[39m [90m690 ms - 17221[39m
[35m[HTTP][39m [90m[39m
[35m[HTTP][39m [37m-->[39m [37mGET[39m [37m/wd/hub/session/2e97b975-06f7-4760-9e39-0f70d996f970/screenshot[39m
[35m[HTTP][39m [90m{}[39m
[35m[HTTP][39m [37m<-- GET /wd/hub/session/2e97b975-06f7-4760-9e39-0f70d996f970/screenshot [39m[32m200[39m [90m237 ms - 123652[39m
[35m[HTTP][39m [90m[39m
[35m[HTTP][39m [37m-->[39m [37mDELETE[39m [37m/wd/hub/session/2e97b975-06f7-4760-9e39-0f70d996f970[39m
[35m[HTTP][39m [90m{}[39m
[35m[Appium][39m Removing session 2e97b975-06f7-4760-9e39-0f70d996f970 from our master session list
[35m[HTTP][39m [37m<-- DELETE /wd/hub/session/2e97b975-06f7-4760-9e39-0f70d996f970 [39m[32m200[39m [90m512 ms - 14[39m
[35m[HTTP][39m [90m[39m
